1508170947545	geckodriver	INFO	geckodriver 0.18.0
1508170947550	geckodriver	INFO	Listening on 127.0.0.1:2355
1508170949620	geckodriver::marionette	INFO	Starting browser C:\Program Files (x86)\Mozilla Firefox\firefox.exe with args ["-marionette"]
1508170950126	Marionette	INFO	Enabled via --marionette
[Parent 3144] WARNING: pipe error: 109: file c:/builds/moz2_slave/m-rel-w32-00000000000000000000/build/src/ipc/chromium/src/chrome/common/ipc_channel_win.cc, line 346
1508170951175	Marionette	INFO	Listening on port 2361
1508170951184	Marionette	INFO	Listening on port 2361
1508170951632	Marionette	WARN	TLS certificate errors will be ignored for this session
1508170951662	Marionette	DEBUG	loaded listener.js
1508170951684	Marionette	DEBUG	Received DOM event "beforeunload" for "about:blank"
1508170952717	Marionette	DEBUG	Received DOM event "pagehide" for "about:blank"
1508170952717	Marionette	DEBUG	Received DOM event "unload" for "about:blank"
1508170952813	Marionette	DEBUG	Received DOM event "DOMContentLoaded" for "https://www.google.com.vn/?gfe_rd=cr&dcr=0&ei=x9zkWc2vNdeCoAO-_ZGoAw&gws_rd=ssl"
1508170953341	Marionette	DEBUG	Received observer notification "outer-window-destroyed" for "4294967301"
1508170953344	Marionette	DEBUG	Received DOM event "DOMContentLoaded" for "https://www.google.com.vn/?gfe_rd=cr&dcr=0&ei=x9zkWc2vNdeCoAO-_ZGoAw&gws_rd=ssl"
1508170953346	Marionette	DEBUG	Received DOM event "pageshow" for "https://www.google.com.vn/?gfe_rd=cr&dcr=0&ei=x9zkWc2vNdeCoAO-_ZGoAw&gws_rd=ssl"
1508170953589	Marionette	DEBUG	Received DOM event "pageshow" for "https://www.google.com.vn/?gfe_rd=cr&dcr=0&ei=x9zkWc2vNdeCoAO-_ZGoAw&gws_rd=ssl"
1508170953595	Marionette	INFO	New connections will no longer be accepted
1508170953838	geckodriver	INFO	geckodriver 0.18.0
1508170953844	geckodriver	INFO	Listening on 127.0.0.1:2395
1508170955886	geckodriver::marionette	INFO	Starting browser C:\Program Files (x86)\Mozilla Firefox\firefox.exe with args ["-marionette"]
1508170956416	Marionette	INFO	Enabled via --marionette
1508170957470	Marionette	INFO	Listening on port 2403
1508170957493	Marionette	INFO	Listening on port 2403
1508170957906	Marionette	WARN	TLS certificate errors will be ignored for this session
1508170957936	Marionette	DEBUG	loaded listener.js
1508170957954	Marionette	DEBUG	Received DOM event "beforeunload" for "about:blank"
1508170958113	Marionette	DEBUG	Received DOM event "pagehide" for "about:blank"
1508170958113	Marionette	DEBUG	Received DOM event "unload" for "about:blank"
1508170958808	Marionette	DEBUG	Received DOM event "pageshow" for "http://vtc.vn/"
1508170958854	Marionette	DEBUG	Received DOM event "DOMContentLoaded" for "http://vtc.vn/"
1508170958860	Marionette	DEBUG	Received DOM event "pageshow" for "http://vtc.vn/"
1508170958860	Marionette	DEBUG	Received DOM event "DOMContentLoaded" for "http://vtc.vn/"
1508170958861	Marionette	DEBUG	Received DOM event "pageshow" for "http://vtc.vn/"
1508170958862	Marionette	DEBUG	Received DOM event "DOMContentLoaded" for "http://vtc.vn/"
1508170958862	Marionette	DEBUG	Received DOM event "pageshow" for "http://vtc.vn/"
1508170958934	Marionette	DEBUG	Received DOM event "DOMContentLoaded" for "http://vtc.vn/"
1508170959013	Marionette	DEBUG	Received DOM event "pageshow" for "http://vtc.vn/"
1508170959018	Marionette	DEBUG	Received DOM event "pageshow" for "http://vtc.vn/"
1508170959102	Marionette	DEBUG	Received DOM event "pageshow" for "http://vtc.vn/"
1508170959226	Marionette	DEBUG	Received DOM event "DOMContentLoaded" for "http://vtc.vn/"
1508170959261	Marionette	DEBUG	Received DOM event "pageshow" for "http://hc.viam.com.vn/lsget.html"
1508170959267	Marionette	DEBUG	Received DOM event "DOMContentLoaded" for "https://googleads.g.doubleclick.net/pagead/html/r20171011/r20170110/zrt_lookup.html#"
1508170959269	Marionette	DEBUG	Received DOM event "pageshow" for "https://googleads.g.doubleclick.net/pagead/html/r20171011/r20170110/zrt_lookup.html#"
1508170959269	Marionette	DEBUG	Received DOM event "DOMContentLoaded" for "http://vtc.vn/"
1508170959270	Marionette	DEBUG	Received DOM event "pageshow" for "http://vtc.vn/"
1508170959270	Marionette	DEBUG	Received DOM event "DOMContentLoaded" for "http://hc.viam.com.vn/lsget.html"
1508170959316	Marionette	DEBUG	Received DOM event "DOMContentLoaded" for "http://vtc.vn/"
1508170959350	Marionette	DEBUG	Received DOM event "DOMContentLoaded" for "http://staticxx.facebook.com/connect/xd_arbiter/r/18W0fzbK7xg.js?version=42#channel=f3d8839fc145f82&origin=http%3A%2F%2Fvtc.vn"
1508170959352	Marionette	DEBUG	Received DOM event "pageshow" for "http://staticxx.facebook.com/connect/xd_arbiter/r/18W0fzbK7xg.js?version=42#channel=f3d8839fc145f82&origin=http%3A%2F%2Fvtc.vn"
1508170959397	Marionette	DEBUG	Received DOM event "DOMContentLoaded" for "http://vtc.vn/"
1508170959469	Marionette	DEBUG	Received DOM event "DOMContentLoaded" for "http://vtc.vn/"
1508170959680	Marionette	DEBUG	Received DOM event "pageshow" for "https://googleads.g.doubleclick.net/pagead/ads?client=ca-pub-2579189069606201&output=html&h=600&slotname=5257396044&adk=3100439529&adf=281352452&w=300&lmt=1508170959&loeid=38893312&format=300x600&url=http%3A%2F%2Fvtc.vn%2F&flash=0&wgl=1&dt=1508170958813&bpp=3&bdt=702&fdt=502&idt=547&shv=r20171011&cbv=r20170110&saldr=aa&prev_fmts=300x250%2C970x90&correlator=3892908094207&frm=20&ga_vid=154285033.1508170959&ga_sid=1508170959&ga_hid=1844461145&ga_fc=0&pv=1&icsg=2&nhd=1&dssz=2&mdo=0&mso=0&u_tz=420&u_his=1&u_java=0&u_h=1080&u_w=1920&u_ah=1040&u_aw=1920&u_cd=24&u_nplug=0&u_nmime=0&adx=826&ady=1181&biw=1251&bih=845&abxe=1&eid=21060978%2C21061122%2C38893302%2C21060976&oid=3&nmo=1&zm=1.02&rx=0&eae=0&fc=528&brdim=%2C%2C4%2C4%2C1920%2C0%2C1280%2C936%2C1268%2C845&vis=1&rsz=%7C%7CoeEbr%7C&abl=CS&ppjl=f&pfx=0&fu=16&bc=1&ifi=3&xpc=yKm7b1ZWcr&p=http%3A//vtc.vn&dtd=571"
1508170959694	Marionette	DEBUG	Received DOM event "DOMContentLoaded" for "https://staticxx.facebook.com/connect/xd_arbiter/r/18W0fzbK7xg.js?version=42#channel=f3d8839fc145f82&origin=http%3A%2F%2Fvtc.vn"
1508170959695	Marionette	DEBUG	Received DOM event "pageshow" for "https://staticxx.facebook.com/connect/xd_arbiter/r/18W0fzbK7xg.js?version=42#channel=f3d8839fc145f82&origin=http%3A%2F%2Fvtc.vn"
1508170959809	Marionette	DEBUG	Received DOM event "DOMContentLoaded" for "https://googleads.g.doubleclick.net/pagead/drt/s?v=r20120211"
1508170959813	Marionette	DEBUG	Received DOM event "pageshow" for "https://googleads.g.doubleclick.net/pagead/drt/s?v=r20120211"
1508170959814	Marionette	DEBUG	Received DOM event "DOMContentLoaded" for "https://googleads.g.doubleclick.net/pagead/drt/s?v=r20120211"
1508170959815	Marionette	DEBUG	Received DOM event "pageshow" for "https://googleads.g.doubleclick.net/pagead/drt/s?v=r20120211"
1508170959870	Marionette	DEBUG	Received DOM event "DOMContentLoaded" for "https://googleads.g.doubleclick.net/pagead/drt/s?v=r20120211"
1508170959872	Marionette	DEBUG	Received DOM event "pageshow" for "https://googleads.g.doubleclick.net/pagead/drt/s?v=r20120211"
1508170959873	Marionette	DEBUG	Received DOM event "DOMContentLoaded" for "https://googleads.g.doubleclick.net/pagead/ads?client=ca-pub-2579189069606201&output=html&h=600&slotname=5257396044&adk=3100439529&adf=281352452&w=300&lmt=1508170959&loeid=38893312&format=300x600&url=http%3A%2F%2Fvtc.vn%2F&flash=0&wgl=1&dt=1508170958813&bpp=3&bdt=702&fdt=502&idt=547&shv=r20171011&cbv=r20170110&saldr=aa&prev_fmts=300x250%2C970x90&correlator=3892908094207&frm=20&ga_vid=154285033.1508170959&ga_sid=1508170959&ga_hid=1844461145&ga_fc=0&pv=1&icsg=2&nhd=1&dssz=2&mdo=0&mso=0&u_tz=420&u_his=1&u_java=0&u_h=1080&u_w=1920&u_ah=1040&u_aw=1920&u_cd=24&u_nplug=0&u_nmime=0&adx=826&ady=1181&biw=1251&bih=845&abxe=1&eid=21060978%2C21061122%2C38893302%2C21060976&oid=3&nmo=1&zm=1.02&rx=0&eae=0&fc=528&brdim=%2C%2C4%2C4%2C1920%2C0%2C1280%2C936%2C1268%2C845&vis=1&rsz=%7C%7CoeEbr%7C&abl=CS&ppjl=f&pfx=0&fu=16&bc=1&ifi=3&xpc=yKm7b1ZWcr&p=http%3A//vtc.vn&dtd=571"
1508170959873	Marionette	DEBUG	Received DOM event "DOMContentLoaded" for "https://pagead2.googlesyndication.com/pagead/s/cookie_push.html#aHR0cHM6Ly9jbXMucXVhbnRzZXJ2ZS5jb20vZHBpeGVsP2E9cC1uNXZ2THZSZGpnMGVrJmVpZD0wJnFjX2dvb2dsZV9wdXNoPSZnb29nbGVfZ2lkPUNBRVNFRU5mamh3X0RDZ2o0YU5oLW95RFY1VSZnb29nbGVfY3Zlcj0xJmdvb2dsZV9wdXNoPUFITkYxM0trYTNZbTNRdUNUb0lsODZRSXFjWmdrNzNlb0xGeDlNblJiRHdZaUpn,aHR0cHM6Ly9jbS5nLmRvdWJsZWNsaWNrLm5ldC9waXhlbC9hdHRyP2Q9QUhORjEzTFM5cnZVYXlBTjdLQXNnbTJCUThFdllkbHlhNWNt"
1508170959880	Marionette	DEBUG	Received DOM event "DOMContentLoaded" for "https://googleads.g.doubleclick.net/pagead/drt/s?v=r20120211"
1508170959881	Marionette	DEBUG	Received DOM event "pageshow" for "https://googleads.g.doubleclick.net/pagead/drt/s?v=r20120211"
1508170959923	Marionette	DEBUG	Received DOM event "DOMContentLoaded" for "https://googleads.g.doubleclick.net/pagead/drt/si"
1508170959926	Marionette	DEBUG	Received DOM event "pageshow" for "https://googleads.g.doubleclick.net/pagead/drt/si"
1508170959966	Marionette	DEBUG	Received DOM event "DOMContentLoaded" for "https://googleads.g.doubleclick.net/pagead/drt/si"
1508170959968	Marionette	DEBUG	Received DOM event "pageshow" for "https://googleads.g.doubleclick.net/pagead/drt/si"
1508170959984	Marionette	DEBUG	Received DOM event "DOMContentLoaded" for "https://googleads.g.doubleclick.net/pagead/drt/si"
1508170959986	Marionette	DEBUG	Received DOM event "pageshow" for "https://googleads.g.doubleclick.net/pagead/drt/si"
1508170959997	Marionette	DEBUG	Received DOM event "DOMContentLoaded" for "https://hc.viam.com.vn/lsget.html?mode=new"
1508170959998	Marionette	DEBUG	Received DOM event "pageshow" for "https://hc.viam.com.vn/lsget.html?mode=new"
1508170959999	Marionette	DEBUG	Received DOM event "pageshow" for "http://hc.viam.com.vn/lsget.html"
1508170960013	Marionette	DEBUG	Received DOM event "DOMContentLoaded" for "https://googleads.g.doubleclick.net/pagead/drt/si"
1508170960015	Marionette	DEBUG	Received DOM event "pageshow" for "https://googleads.g.doubleclick.net/pagead/drt/si"
1508170960104	Marionette	DEBUG	Received DOM event "DOMContentLoaded" for "https://tpc.googlesyndication.com/sadbundle/$csp%3Der3%26dns%3Doff$/3431633872004055040/Sendo_layout_1a-allsizes/_min_Sendo_layout_1a_300x600.html#t=15387332222234832994&p=https%3A%2F%2Fgoogleads.g.doubleclick.net"
1508170960106	Marionette	DEBUG	Received DOM event "pageshow" for "https://tpc.googlesyndication.com/sadbundle/$csp%3Der3%26dns%3Doff$/3431633872004055040/Sendo_layout_1a-allsizes/_min_Sendo_layout_1a_300x600.html#t=15387332222234832994&p=https%3A%2F%2Fgoogleads.g.doubleclick.net"
1508170960337	Marionette	DEBUG	Received DOM event "DOMContentLoaded" for "https://googleads.g.doubleclick.net/pagead/ads?client=ca-pub-2579189069606201&output=html&h=250&slotname=2303929641&adk=211324855&adf=2980965940&w=300&lmt=1508170959&loeid=38893312&format=300x250&url=http%3A%2F%2Fvtc.vn%2F&flash=0&avail_w=0&wgl=1&dt=1508170958795&bpp=6&bdt=683&fdt=14&idt=237&shv=r20171011&cbv=r20170110&saldr=aa&correlator=3892908094207&frm=20&ga_vid=154285033.1508170959&ga_sid=1508170959&ga_hid=1844461145&ga_fc=0&pv=2&icsg=2&nhd=1&dssz=2&mdo=0&mso=0&u_tz=420&u_his=1&u_java=0&u_h=1080&u_w=1920&u_ah=1040&u_aw=1920&u_cd=24&u_nplug=0&u_nmime=0&adx=832&ady=245&biw=1251&bih=845&abxe=1&eid=21060978%2C21061122%2C38893302%2C21060976&oid=3&nmo=1&zm=1.02&rx=0&eae=0&fc=528&brdim=%2C%2C4%2C4%2C1920%2C0%2C1280%2C936%2C1268%2C845&vis=1&rsz=%7C%7CoeE%7C&abl=CS&ppjl=f&pfx=0&fu=16&bc=1&ifi=1&xpc=bnJDzvYpUd&p=http%3A//vtc.vn&dtd=264"
1508170960396	Marionette	DEBUG	Received DOM event "DOMContentLoaded" for "https://googleads.g.doubleclick.net/pagead/ads?client=ca-pub-2579189069606201&output=html&h=600&slotname=5257396044&adk=3100439529&adf=1962415178&w=300&lmt=1508170959&loeid=38893312&format=300x600&url=http%3A%2F%2Fvtc.vn%2F&flash=0&wgl=1&dt=1508170958816&bpp=1&bdt=704&fdt=581&idt=616&shv=r20171011&cbv=r20170110&saldr=aa&prev_fmts=300x250%2C970x90%2C300x600&correlator=3892908094207&frm=20&ga_vid=154285033.1508170959&ga_sid=1508170959&ga_hid=1844461145&ga_fc=0&pv=1&icsg=2&nhd=1&dssz=2&mdo=0&mso=0&u_tz=420&u_his=1&u_java=0&u_h=1080&u_w=1920&u_ah=1040&u_aw=1920&u_cd=24&u_nplug=0&u_nmime=0&adx=826&ady=2640&biw=1251&bih=845&abxe=1&eid=21060978%2C21061122%2C38893302%2C21060976&oid=3&nmo=1&zm=1.02&rx=0&eae=0&fc=528&brdim=%2C%2C4%2C4%2C1920%2C0%2C1280%2C936%2C1268%2C845&vis=1&rsz=%7C%7CoeEbr%7C&abl=CS&ppjl=f&pfx=0&fu=16&bc=1&ifi=4&xpc=dUkwcoNigv&p=http%3A//vtc.vn&dtd=642"
1508170960403	Marionette	DEBUG	Received DOM event "DOMContentLoaded" for "https://googleads.g.doubleclick.net/pagead/ads?client=ca-pub-2579189069606201&output=html&h=90&slotname=6073700756&adk=391074254&adf=352474958&w=970&lmt=1508170959&loeid=38893312&format=970x90&url=http%3A%2F%2Fvtc.vn%2F&flash=0&wgl=1&dt=1508170958809&bpp=4&bdt=698&fdt=416&idt=465&shv=r20171011&cbv=r20170110&saldr=aa&prev_fmts=300x250&correlator=3892908094207&frm=20&ga_vid=154285033.1508170959&ga_sid=1508170959&ga_hid=1844461145&ga_fc=0&pv=1&icsg=2&nhd=1&dssz=2&mdo=0&mso=0&u_tz=420&u_his=1&u_java=0&u_h=1080&u_w=1920&u_ah=1040&u_aw=1920&u_cd=24&u_nplug=0&u_nmime=0&adx=141&ady=627&biw=1251&bih=845&abxe=1&eid=21060978%2C21061122%2C38893302%2C21060976&oid=3&nmo=1&zm=1.02&rx=0&eae=0&fc=528&brdim=%2C%2C4%2C4%2C1920%2C0%2C1280%2C936%2C1268%2C845&vis=1&rsz=%7C%7CoeE%7C&abl=CS&ppjl=f&pfx=0&fu=16&bc=1&ifi=2&xpc=7PhWBDQhvv&p=http%3A//vtc.vn&dtd=488"
1508170960415	Marionette	DEBUG	Received DOM event "pageshow" for "https://googleads.g.doubleclick.net/pagead/ads?client=ca-pub-2579189069606201&output=html&h=250&slotname=2303929641&adk=211324855&adf=2980965940&w=300&lmt=1508170959&loeid=38893312&format=300x250&url=http%3A%2F%2Fvtc.vn%2F&flash=0&avail_w=0&wgl=1&dt=1508170958795&bpp=6&bdt=683&fdt=14&idt=237&shv=r20171011&cbv=r20170110&saldr=aa&correlator=3892908094207&frm=20&ga_vid=154285033.1508170959&ga_sid=1508170959&ga_hid=1844461145&ga_fc=0&pv=2&icsg=2&nhd=1&dssz=2&mdo=0&mso=0&u_tz=420&u_his=1&u_java=0&u_h=1080&u_w=1920&u_ah=1040&u_aw=1920&u_cd=24&u_nplug=0&u_nmime=0&adx=832&ady=245&biw=1251&bih=845&abxe=1&eid=21060978%2C21061122%2C38893302%2C21060976&oid=3&nmo=1&zm=1.02&rx=0&eae=0&fc=528&brdim=%2C%2C4%2C4%2C1920%2C0%2C1280%2C936%2C1268%2C845&vis=1&rsz=%7C%7CoeE%7C&abl=CS&ppjl=f&pfx=0&fu=16&bc=1&ifi=1&xpc=bnJDzvYpUd&p=http%3A//vtc.vn&dtd=264"
1508170960422	Marionette	DEBUG	Received DOM event "pageshow" for "https://googleads.g.doubleclick.net/pagead/ads?client=ca-pub-2579189069606201&output=html&h=250&slotname=2303929641&adk=211324855&adf=2980965940&w=300&lmt=1508170959&loeid=38893312&format=300x250&url=http%3A%2F%2Fvtc.vn%2F&flash=0&avail_w=0&wgl=1&dt=1508170958795&bpp=6&bdt=683&fdt=14&idt=237&shv=r20171011&cbv=r20170110&saldr=aa&correlator=3892908094207&frm=20&ga_vid=154285033.1508170959&ga_sid=1508170959&ga_hid=1844461145&ga_fc=0&pv=2&icsg=2&nhd=1&dssz=2&mdo=0&mso=0&u_tz=420&u_his=1&u_java=0&u_h=1080&u_w=1920&u_ah=1040&u_aw=1920&u_cd=24&u_nplug=0&u_nmime=0&adx=832&ady=245&biw=1251&bih=845&abxe=1&eid=21060978%2C21061122%2C38893302%2C21060976&oid=3&nmo=1&zm=1.02&rx=0&eae=0&fc=528&brdim=%2C%2C4%2C4%2C1920%2C0%2C1280%2C936%2C1268%2C845&vis=1&rsz=%7C%7CoeE%7C&abl=CS&ppjl=f&pfx=0&fu=16&bc=1&ifi=1&xpc=bnJDzvYpUd&p=http%3A//vtc.vn&dtd=264"
1508170960423	Marionette	DEBUG	Received DOM event "pageshow" for "http://vtc.vn/"
1508170960445	Marionette	DEBUG	Received DOM event "DOMContentLoaded" for "https://googleads.g.doubleclick.net/pagead/ads?client=ca-pub-2579189069606201&output=html&h=250&slotname=2303929641&adk=211324855&adf=2980965940&w=300&lmt=1508170959&loeid=38893312&format=300x250&url=http%3A%2F%2Fvtc.vn%2F&flash=0&avail_w=0&wgl=1&dt=1508170958795&bpp=6&bdt=683&fdt=14&idt=237&shv=r20171011&cbv=r20170110&saldr=aa&correlator=3892908094207&frm=20&ga_vid=154285033.1508170959&ga_sid=1508170959&ga_hid=1844461145&ga_fc=0&pv=2&icsg=2&nhd=1&dssz=2&mdo=0&mso=0&u_tz=420&u_his=1&u_java=0&u_h=1080&u_w=1920&u_ah=1040&u_aw=1920&u_cd=24&u_nplug=0&u_nmime=0&adx=832&ady=245&biw=1251&bih=845&abxe=1&eid=21060978%2C21061122%2C38893302%2C21060976&oid=3&nmo=1&zm=1.02&rx=0&eae=0&fc=528&brdim=%2C%2C4%2C4%2C1920%2C0%2C1280%2C936%2C1268%2C845&vis=1&rsz=%7C%7CoeE%7C&abl=CS&ppjl=f&pfx=0&fu=16&bc=1&ifi=1&xpc=bnJDzvYpUd&p=http%3A//vtc.vn&dtd=264"
1508170960460	Marionette	DEBUG	Received DOM event "pageshow" for "https://googleads.g.doubleclick.net/pagead/ads?client=ca-pub-2579189069606201&output=html&h=90&slotname=6073700756&adk=391074254&adf=352474958&w=970&lmt=1508170959&loeid=38893312&format=970x90&url=http%3A%2F%2Fvtc.vn%2F&flash=0&wgl=1&dt=1508170958809&bpp=4&bdt=698&fdt=416&idt=465&shv=r20171011&cbv=r20170110&saldr=aa&prev_fmts=300x250&correlator=3892908094207&frm=20&ga_vid=154285033.1508170959&ga_sid=1508170959&ga_hid=1844461145&ga_fc=0&pv=1&icsg=2&nhd=1&dssz=2&mdo=0&mso=0&u_tz=420&u_his=1&u_java=0&u_h=1080&u_w=1920&u_ah=1040&u_aw=1920&u_cd=24&u_nplug=0&u_nmime=0&adx=141&ady=627&biw=1251&bih=845&abxe=1&eid=21060978%2C21061122%2C38893302%2C21060976&oid=3&nmo=1&zm=1.02&rx=0&eae=0&fc=528&brdim=%2C%2C4%2C4%2C1920%2C0%2C1280%2C936%2C1268%2C845&vis=1&rsz=%7C%7CoeE%7C&abl=CS&ppjl=f&pfx=0&fu=16&bc=1&ifi=2&xpc=7PhWBDQhvv&p=http%3A//vtc.vn&dtd=488"
1508170960466	Marionette	DEBUG	Received DOM event "pageshow" for "https://googleads.g.doubleclick.net/pagead/ads?client=ca-pub-2579189069606201&output=html&h=90&slotname=6073700756&adk=391074254&adf=352474958&w=970&lmt=1508170959&loeid=38893312&format=970x90&url=http%3A%2F%2Fvtc.vn%2F&flash=0&wgl=1&dt=1508170958809&bpp=4&bdt=698&fdt=416&idt=465&shv=r20171011&cbv=r20170110&saldr=aa&prev_fmts=300x250&correlator=3892908094207&frm=20&ga_vid=154285033.1508170959&ga_sid=1508170959&ga_hid=1844461145&ga_fc=0&pv=1&icsg=2&nhd=1&dssz=2&mdo=0&mso=0&u_tz=420&u_his=1&u_java=0&u_h=1080&u_w=1920&u_ah=1040&u_aw=1920&u_cd=24&u_nplug=0&u_nmime=0&adx=141&ady=627&biw=1251&bih=845&abxe=1&eid=21060978%2C21061122%2C38893302%2C21060976&oid=3&nmo=1&zm=1.02&rx=0&eae=0&fc=528&brdim=%2C%2C4%2C4%2C1920%2C0%2C1280%2C936%2C1268%2C845&vis=1&rsz=%7C%7CoeE%7C&abl=CS&ppjl=f&pfx=0&fu=16&bc=1&ifi=2&xpc=7PhWBDQhvv&p=http%3A//vtc.vn&dtd=488"
1508170960467	Marionette	DEBUG	Received DOM event "pageshow" for "http://vtc.vn/"
1508170960473	Marionette	DEBUG	Received DOM event "pageshow" for "https://pagead2.googlesyndication.com/pagead/s/cookie_push.html#aHR0cHM6Ly9jbXMucXVhbnRzZXJ2ZS5jb20vZHBpeGVsP2E9cC1uNXZ2THZSZGpnMGVrJmVpZD0wJnFjX2dvb2dsZV9wdXNoPSZnb29nbGVfZ2lkPUNBRVNFRU5mamh3X0RDZ2o0YU5oLW95RFY1VSZnb29nbGVfY3Zlcj0xJmdvb2dsZV9wdXNoPUFITkYxM0trYTNZbTNRdUNUb0lsODZRSXFjWmdrNzNlb0xGeDlNblJiRHdZaUpn,aHR0cHM6Ly9jbS5nLmRvdWJsZWNsaWNrLm5ldC9waXhlbC9hdHRyP2Q9QUhORjEzTFM5cnZVYXlBTjdLQXNnbTJCUThFdllkbHlhNWNt"
1508170960481	Marionette	DEBUG	Received DOM event "pageshow" for "https://googleads.g.doubleclick.net/pagead/ads?client=ca-pub-2579189069606201&output=html&h=600&slotname=5257396044&adk=3100439529&adf=281352452&w=300&lmt=1508170959&loeid=38893312&format=300x600&url=http%3A%2F%2Fvtc.vn%2F&flash=0&wgl=1&dt=1508170958813&bpp=3&bdt=702&fdt=502&idt=547&shv=r20171011&cbv=r20170110&saldr=aa&prev_fmts=300x250%2C970x90&correlator=3892908094207&frm=20&ga_vid=154285033.1508170959&ga_sid=1508170959&ga_hid=1844461145&ga_fc=0&pv=1&icsg=2&nhd=1&dssz=2&mdo=0&mso=0&u_tz=420&u_his=1&u_java=0&u_h=1080&u_w=1920&u_ah=1040&u_aw=1920&u_cd=24&u_nplug=0&u_nmime=0&adx=826&ady=1181&biw=1251&bih=845&abxe=1&eid=21060978%2C21061122%2C38893302%2C21060976&oid=3&nmo=1&zm=1.02&rx=0&eae=0&fc=528&brdim=%2C%2C4%2C4%2C1920%2C0%2C1280%2C936%2C1268%2C845&vis=1&rsz=%7C%7CoeEbr%7C&abl=CS&ppjl=f&pfx=0&fu=16&bc=1&ifi=3&xpc=yKm7b1ZWcr&p=http%3A//vtc.vn&dtd=571"
1508170960482	Marionette	DEBUG	Received DOM event "pageshow" for "http://vtc.vn/"
1508170960490	Marionette	DEBUG	Received DOM event "DOMContentLoaded" for "https://googleads.g.doubleclick.net/pagead/ads?client=ca-pub-2579189069606201&output=html&h=90&slotname=6073700756&adk=391074254&adf=352474958&w=970&lmt=1508170959&loeid=38893312&format=970x90&url=http%3A%2F%2Fvtc.vn%2F&flash=0&wgl=1&dt=1508170958809&bpp=4&bdt=698&fdt=416&idt=465&shv=r20171011&cbv=r20170110&saldr=aa&prev_fmts=300x250&correlator=3892908094207&frm=20&ga_vid=154285033.1508170959&ga_sid=1508170959&ga_hid=1844461145&ga_fc=0&pv=1&icsg=2&nhd=1&dssz=2&mdo=0&mso=0&u_tz=420&u_his=1&u_java=0&u_h=1080&u_w=1920&u_ah=1040&u_aw=1920&u_cd=24&u_nplug=0&u_nmime=0&adx=141&ady=627&biw=1251&bih=845&abxe=1&eid=21060978%2C21061122%2C38893302%2C21060976&oid=3&nmo=1&zm=1.02&rx=0&eae=0&fc=528&brdim=%2C%2C4%2C4%2C1920%2C0%2C1280%2C936%2C1268%2C845&vis=1&rsz=%7C%7CoeE%7C&abl=CS&ppjl=f&pfx=0&fu=16&bc=1&ifi=2&xpc=7PhWBDQhvv&p=http%3A//vtc.vn&dtd=488"
1508170960491	Marionette	DEBUG	Received DOM event "pageshow" for "https://googleads.g.doubleclick.net/pagead/ads?client=ca-pub-2579189069606201&output=html&h=90&slotname=6073700756&adk=391074254&adf=352474958&w=970&lmt=1508170959&loeid=38893312&format=970x90&url=http%3A%2F%2Fvtc.vn%2F&flash=0&wgl=1&dt=1508170958809&bpp=4&bdt=698&fdt=416&idt=465&shv=r20171011&cbv=r20170110&saldr=aa&prev_fmts=300x250&correlator=3892908094207&frm=20&ga_vid=154285033.1508170959&ga_sid=1508170959&ga_hid=1844461145&ga_fc=0&pv=1&icsg=2&nhd=1&dssz=2&mdo=0&mso=0&u_tz=420&u_his=1&u_java=0&u_h=1080&u_w=1920&u_ah=1040&u_aw=1920&u_cd=24&u_nplug=0&u_nmime=0&adx=141&ady=627&biw=1251&bih=845&abxe=1&eid=21060978%2C21061122%2C38893302%2C21060976&oid=3&nmo=1&zm=1.02&rx=0&eae=0&fc=528&brdim=%2C%2C4%2C4%2C1920%2C0%2C1280%2C936%2C1268%2C845&vis=1&rsz=%7C%7CoeE%7C&abl=CS&ppjl=f&pfx=0&fu=16&bc=1&ifi=2&xpc=7PhWBDQhvv&p=http%3A//vtc.vn&dtd=488"
1508170960587	Marionette	DEBUG	Received observer notification "outer-window-destroyed" for "2147483721"
1508170960588	Marionette	DEBUG	Received DOM event "pageshow" for "https://googleads.g.doubleclick.net/pagead/ads?client=ca-pub-2579189069606201&output=html&h=250&slotname=2303929641&adk=211324855&adf=2980965940&w=300&lmt=1508170959&loeid=38893312&format=300x250&url=http%3A%2F%2Fvtc.vn%2F&flash=0&avail_w=0&wgl=1&dt=1508170958795&bpp=6&bdt=683&fdt=14&idt=237&shv=r20171011&cbv=r20170110&saldr=aa&correlator=3892908094207&frm=20&ga_vid=154285033.1508170959&ga_sid=1508170959&ga_hid=1844461145&ga_fc=0&pv=2&icsg=2&nhd=1&dssz=2&mdo=0&mso=0&u_tz=420&u_his=1&u_java=0&u_h=1080&u_w=1920&u_ah=1040&u_aw=1920&u_cd=24&u_nplug=0&u_nmime=0&adx=832&ady=245&biw=1251&bih=845&abxe=1&eid=21060978%2C21061122%2C38893302%2C21060976&oid=3&nmo=1&zm=1.02&rx=0&eae=0&fc=528&brdim=%2C%2C4%2C4%2C1920%2C0%2C1280%2C936%2C1268%2C845&vis=1&rsz=%7C%7CoeE%7C&abl=CS&ppjl=f&pfx=0&fu=16&bc=1&ifi=1&xpc=bnJDzvYpUd&p=http%3A//vtc.vn&dtd=264"
1508170960589	Marionette	DEBUG	Received DOM event "DOMContentLoaded" for "https://pagead2.googlesyndication.com/pagead/s/cookie_push.html#aHR0cHM6Ly9jbXMucXVhbnRzZXJ2ZS5jb20vZHBpeGVsP2E9cC1uNXZ2THZSZGpnMGVrJmVpZD0wJnFjX2dvb2dsZV9wdXNoPSZnb29nbGVfZ2lkPUNBRVNFQzdNUHg3dkUzMTRjVXpOTWR6T25jbyZnb29nbGVfY3Zlcj0xJmdvb2dsZV9wdXNoPUFITkYxM0xIcWlqTUgwVG92MERtNXFCQ295YnZHcko4QnczZ1pOU19DNTNTOG5Z,aHR0cHM6Ly9jbS5nLmRvdWJsZWNsaWNrLm5ldC9waXhlbC9hdHRyP2Q9QUhORjEzTGxhTjgyQnVPZjFrV3dPaHdHeTNnTWRrWm9Vd0dH"
1508170960673	Marionette	DEBUG	Received observer notification "outer-window-destroyed" for "2147483723"
1508170960675	Marionette	DEBUG	Received DOM event "pageshow" for "https://pagead2.googlesyndication.com/pagead/s/cookie_push.html#aHR0cHM6Ly9jbXMucXVhbnRzZXJ2ZS5jb20vZHBpeGVsP2E9cC1uNXZ2THZSZGpnMGVrJmVpZD0wJnFjX2dvb2dsZV9wdXNoPSZnb29nbGVfZ2lkPUNBRVNFQzdNUHg3dkUzMTRjVXpOTWR6T25jbyZnb29nbGVfY3Zlcj0xJmdvb2dsZV9wdXNoPUFITkYxM0xIcWlqTUgwVG92MERtNXFCQ295YnZHcko4QnczZ1pOU19DNTNTOG5Z,aHR0cHM6Ly9jbS5nLmRvdWJsZWNsaWNrLm5ldC9waXhlbC9hdHRyP2Q9QUhORjEzTGxhTjgyQnVPZjFrV3dPaHdHeTNnTWRrWm9Vd0dH"
1508170960683	Marionette	DEBUG	Received DOM event "pageshow" for "https://googleads.g.doubleclick.net/pagead/ads?client=ca-pub-2579189069606201&output=html&h=600&slotname=5257396044&adk=3100439529&adf=1962415178&w=300&lmt=1508170959&loeid=38893312&format=300x600&url=http%3A%2F%2Fvtc.vn%2F&flash=0&wgl=1&dt=1508170958816&bpp=1&bdt=704&fdt=581&idt=616&shv=r20171011&cbv=r20170110&saldr=aa&prev_fmts=300x250%2C970x90%2C300x600&correlator=3892908094207&frm=20&ga_vid=154285033.1508170959&ga_sid=1508170959&ga_hid=1844461145&ga_fc=0&pv=1&icsg=2&nhd=1&dssz=2&mdo=0&mso=0&u_tz=420&u_his=1&u_java=0&u_h=1080&u_w=1920&u_ah=1040&u_aw=1920&u_cd=24&u_nplug=0&u_nmime=0&adx=826&ady=2640&biw=1251&bih=845&abxe=1&eid=21060978%2C21061122%2C38893302%2C21060976&oid=3&nmo=1&zm=1.02&rx=0&eae=0&fc=528&brdim=%2C%2C4%2C4%2C1920%2C0%2C1280%2C936%2C1268%2C845&vis=1&rsz=%7C%7CoeEbr%7C&abl=CS&ppjl=f&pfx=0&fu=16&bc=1&ifi=4&xpc=dUkwcoNigv&p=http%3A//vtc.vn&dtd=642"
1508170960689	Marionette	DEBUG	Received DOM event "pageshow" for "https://googleads.g.doubleclick.net/pagead/ads?client=ca-pub-2579189069606201&output=html&h=600&slotname=5257396044&adk=3100439529&adf=1962415178&w=300&lmt=1508170959&loeid=38893312&format=300x600&url=http%3A%2F%2Fvtc.vn%2F&flash=0&wgl=1&dt=1508170958816&bpp=1&bdt=704&fdt=581&idt=616&shv=r20171011&cbv=r20170110&saldr=aa&prev_fmts=300x250%2C970x90%2C300x600&correlator=3892908094207&frm=20&ga_vid=154285033.1508170959&ga_sid=1508170959&ga_hid=1844461145&ga_fc=0&pv=1&icsg=2&nhd=1&dssz=2&mdo=0&mso=0&u_tz=420&u_his=1&u_java=0&u_h=1080&u_w=1920&u_ah=1040&u_aw=1920&u_cd=24&u_nplug=0&u_nmime=0&adx=826&ady=2640&biw=1251&bih=845&abxe=1&eid=21060978%2C21061122%2C38893302%2C21060976&oid=3&nmo=1&zm=1.02&rx=0&eae=0&fc=528&brdim=%2C%2C4%2C4%2C1920%2C0%2C1280%2C936%2C1268%2C845&vis=1&rsz=%7C%7CoeEbr%7C&abl=CS&ppjl=f&pfx=0&fu=16&bc=1&ifi=4&xpc=dUkwcoNigv&p=http%3A//vtc.vn&dtd=642"
1508170960690	Marionette	DEBUG	Received DOM event "pageshow" for "http://vtc.vn/"
1508170960697	Marionette	DEBUG	Received DOM event "DOMContentLoaded" for "https://googleads.g.doubleclick.net/pagead/ads?client=ca-pub-2579189069606201&output=html&h=600&slotname=5257396044&adk=3100439529&adf=1962415178&w=300&lmt=1508170959&loeid=38893312&format=300x600&url=http%3A%2F%2Fvtc.vn%2F&flash=0&wgl=1&dt=1508170958816&bpp=1&bdt=704&fdt=581&idt=616&shv=r20171011&cbv=r20170110&saldr=aa&prev_fmts=300x250%2C970x90%2C300x600&correlator=3892908094207&frm=20&ga_vid=154285033.1508170959&ga_sid=1508170959&ga_hid=1844461145&ga_fc=0&pv=1&icsg=2&nhd=1&dssz=2&mdo=0&mso=0&u_tz=420&u_his=1&u_java=0&u_h=1080&u_w=1920&u_ah=1040&u_aw=1920&u_cd=24&u_nplug=0&u_nmime=0&adx=826&ady=2640&biw=1251&bih=845&abxe=1&eid=21060978%2C21061122%2C38893302%2C21060976&oid=3&nmo=1&zm=1.02&rx=0&eae=0&fc=528&brdim=%2C%2C4%2C4%2C1920%2C0%2C1280%2C936%2C1268%2C845&vis=1&rsz=%7C%7CoeEbr%7C&abl=CS&ppjl=f&pfx=0&fu=16&bc=1&ifi=4&xpc=dUkwcoNigv&p=http%3A//vtc.vn&dtd=642"
1508170960698	Marionette	DEBUG	Received DOM event "pageshow" for "https://googleads.g.doubleclick.net/pagead/ads?client=ca-pub-2579189069606201&output=html&h=600&slotname=5257396044&adk=3100439529&adf=1962415178&w=300&lmt=1508170959&loeid=38893312&format=300x600&url=http%3A%2F%2Fvtc.vn%2F&flash=0&wgl=1&dt=1508170958816&bpp=1&bdt=704&fdt=581&idt=616&shv=r20171011&cbv=r20170110&saldr=aa&prev_fmts=300x250%2C970x90%2C300x600&correlator=3892908094207&frm=20&ga_vid=154285033.1508170959&ga_sid=1508170959&ga_hid=1844461145&ga_fc=0&pv=1&icsg=2&nhd=1&dssz=2&mdo=0&mso=0&u_tz=420&u_his=1&u_java=0&u_h=1080&u_w=1920&u_ah=1040&u_aw=1920&u_cd=24&u_nplug=0&u_nmime=0&adx=826&ady=2640&biw=1251&bih=845&abxe=1&eid=21060978%2C21061122%2C38893302%2C21060976&oid=3&nmo=1&zm=1.02&rx=0&eae=0&fc=528&brdim=%2C%2C4%2C4%2C1920%2C0%2C1280%2C936%2C1268%2C845&vis=1&rsz=%7C%7CoeEbr%7C&abl=CS&ppjl=f&pfx=0&fu=16&bc=1&ifi=4&xpc=dUkwcoNigv&p=http%3A//vtc.vn&dtd=642"
1508170960791	Marionette	DEBUG	Received observer notification "outer-window-destroyed" for "2147483727"
1508170961085	Marionette	DEBUG	Received DOM event "pageshow" for "http://vtc.vn/"
1508170961114	Marionette	INFO	New connections will no longer be accepted
